TN:
SF:app.js
FN:10,createTable
FN:15,insertBooks
FNF:2
FNH:0
FNDA:0,createTable
FNDA:0,insertBooks
DA:1,1
DA:2,1
DA:3,1
DA:4,1
DA:5,1
DA:7,1
DA:8,1
DA:11,0
DA:16,0
DA:25,1
LF:10
LH:8
BRF:0
BRH:0
end_of_record
TN:
SF:config\auth.config.js
FNF:0
FNH:0
DA:1,2
DA:5,2
LF:2
LH:2
BRF:0
BRH:0
end_of_record
TN:
SF:config\db.config.js
FNF:0
FNH:0
DA:1,5
DA:9,5
DA:18,5
LF:3
LH:3
BRF:0
BRH:0
end_of_record
TN:
SF:controller\auth.controller.js
FN:6,(anonymous_0)
FN:17,(anonymous_1)
FNF:2
FNH:2
FNDA:1,(anonymous_0)
FNDA:1,(anonymous_1)
DA:1,2
DA:2,2
DA:3,2
DA:4,2
DA:6,2
DA:7,1
DA:13,1
DA:14,1
DA:17,2
DA:18,1
DA:23,1
DA:24,0
DA:25,0
DA:27,1
DA:28,1
DA:29,0
DA:30,0
DA:33,1
DA:35,1
DA:42,1
DA:45,2
LF:21
LH:17
BRDA:23,0,0,0
BRDA:23,0,1,1
BRDA:28,1,0,0
BRDA:28,1,1,1
BRF:4
BRH:2
end_of_record
TN:
SF:controller\books.controller.js
FN:3,(anonymous_0)
FN:9,(anonymous_1)
FN:15,(anonymous_2)
FN:21,(anonymous_3)
FN:27,(anonymous_4)
FN:38,(anonymous_5)
FNF:6
FNH:6
FNDA:2,(anonymous_0)
FNDA:1,(anonymous_1)
FNDA:2,(anonymous_2)
FNDA:1,(anonymous_3)
FNDA:1,(anonymous_4)
FNDA:1,(anonymous_5)
DA:1,3
DA:3,3
DA:4,2
DA:5,2
DA:6,2
DA:9,3
DA:10,1
DA:11,1
DA:12,1
DA:15,3
DA:16,2
DA:17,2
DA:18,2
DA:21,3
DA:22,1
DA:23,1
DA:24,1
DA:27,3
DA:28,1
DA:33,1
DA:34,1
DA:38,3
DA:39,1
DA:44,1
DA:45,1
DA:48,3
LF:26
LH:26
BRF:0
BRH:0
end_of_record
TN:
SF:controller\rent.controller.js
FN:4,(anonymous_0)
FN:16,(anonymous_1)
FNF:2
FNH:1
FNDA:0,(anonymous_0)
FNDA:1,(anonymous_1)
DA:1,2
DA:2,2
DA:4,2
DA:5,0
DA:10,0
DA:11,0
DA:12,0
DA:13,0
DA:16,2
DA:17,1
DA:22,1
DA:23,1
DA:30,2
LF:13
LH:8
BRF:0
BRH:0
end_of_record
TN:
SF:controller\users.controller.js
FN:3,(anonymous_0)
FN:11,(anonymous_1)
FN:25,(anonymous_2)
FN:35,(anonymous_3)
FNF:4
FNH:4
FNDA:1,(anonymous_0)
FNDA:1,(anonymous_1)
FNDA:1,(anonymous_2)
FNDA:1,(anonymous_3)
DA:1,2
DA:3,2
DA:4,1
DA:7,1
DA:8,1
DA:11,2
DA:12,1
DA:21,1
DA:22,1
DA:25,2
DA:26,1
DA:31,1
DA:32,1
DA:35,2
DA:36,1
DA:41,1
DA:42,1
DA:45,2
LF:18
LH:18
BRF:0
BRH:0
end_of_record
TN:
SF:middleware\auth.middleware.js
FN:4,(anonymous_0)
FN:10,(anonymous_1)
FNF:2
FNH:0
FNDA:0,(anonymous_0)
FNDA:0,(anonymous_1)
DA:1,1
DA:2,1
DA:4,1
DA:5,0
DA:6,0
DA:7,0
DA:8,0
DA:10,0
DA:11,0
DA:12,0
DA:16,0
DA:17,0
DA:21,1
LF:13
LH:4
BRDA:6,0,0,0
BRDA:6,0,1,0
BRDA:11,1,0,0
BRDA:11,1,1,0
BRF:4
BRH:0
end_of_record
TN:
SF:middleware\validator.middleware.js
FN:4,(anonymous_0)
FN:12,(anonymous_1)
FN:25,(anonymous_2)
FNF:3
FNH:0
FNDA:0,(anonymous_0)
FNDA:0,(anonymous_1)
FNDA:0,(anonymous_2)
DA:1,1
DA:2,1
DA:4,1
DA:5,0
DA:6,0
DA:7,0
DA:9,0
DA:12,1
DA:13,0
DA:14,0
DA:15,0
DA:17,0
DA:18,0
DA:19,0
DA:20,0
DA:22,0
DA:25,1
DA:26,0
DA:31,0
DA:32,0
DA:33,0
DA:34,0
DA:36,0
DA:39,1
LF:24
LH:6
BRDA:5,0,0,0
BRDA:5,0,1,0
BRDA:13,1,0,0
BRDA:13,1,1,0
BRDA:18,2,0,0
BRDA:18,2,1,0
BRDA:18,3,0,0
BRDA:18,3,1,0
BRDA:32,4,0,0
BRDA:32,4,1,0
BRF:10
BRH:0
end_of_record
TN:
SF:model\Books.js
FN:4,(anonymous_0)
FNF:1
FNH:1
FNDA:5,(anonymous_0)
DA:1,5
DA:2,5
DA:4,5
DA:5,5
DA:22,5
LF:5
LH:5
BRF:0
BRH:0
end_of_record
TN:
SF:model\Rents.js
FN:1,(anonymous_0)
FNF:1
FNH:1
FNDA:5,(anonymous_0)
DA:1,5
DA:2,5
DA:12,5
LF:3
LH:3
BRF:0
BRH:0
end_of_record
TN:
SF:model\User.js
FN:1,(anonymous_0)
FNF:1
FNH:1
FNDA:5,(anonymous_0)
DA:1,5
DA:2,5
DA:27,5
LF:3
LH:3
BRF:0
BRH:0
end_of_record
TN:
SF:model\index.js
FNF:0
FNH:0
DA:1,5
DA:2,5
DA:3,5
DA:4,5
DA:6,5
DA:11,5
DA:12,5
DA:13,5
DA:19,5
DA:22,5
DA:38,5
LF:11
LH:11
BRDA:2,0,0,5
BRDA:2,0,1,0
BRF:2
BRH:1
end_of_record
TN:
SF:route\auth.route.js
FNF:0
FNH:0
DA:1,1
DA:2,1
DA:3,1
DA:4,1
DA:6,1
DA:7,1
DA:9,1
LF:7
LH:7
BRF:0
BRH:0
end_of_record
TN:
SF:route\books.route.js
FNF:0
FNH:0
DA:1,1
DA:2,1
DA:3,1
DA:4,1
DA:5,1
DA:7,1
DA:8,1
DA:9,1
DA:10,1
DA:15,1
DA:17,1
DA:19,1
LF:12
LH:12
BRF:0
BRH:0
end_of_record
TN:
SF:route\index.js
FN:9,(anonymous_0)
FNF:1
FNH:0
FNDA:0,(anonymous_0)
DA:1,1
DA:2,1
DA:3,1
DA:4,1
DA:5,1
DA:6,1
DA:7,1
DA:9,1
DA:10,0
DA:11,0
DA:14,1
DA:15,1
DA:16,1
DA:17,1
DA:19,1
LF:15
LH:13
BRF:0
BRH:0
end_of_record
TN:
SF:route\rent.route.js
FNF:0
FNH:0
DA:1,1
DA:2,1
DA:3,1
DA:4,1
DA:5,1
DA:7,1
DA:8,1
DA:10,1
LF:8
LH:8
BRF:0
BRH:0
end_of_record
TN:
SF:route\users.route.js
FNF:0
FNH:0
DA:1,1
DA:2,1
DA:3,1
DA:4,1
DA:5,1
DA:7,1
DA:8,1
DA:9,1
DA:10,1
DA:16,1
LF:10
LH:10
BRF:0
BRH:0
end_of_record
TN:
SF:test\unit\inspector.js
FN:2,(anonymous_0)
FN:10,(anonymous_1)
FNF:2
FNH:2
FNDA:13,(anonymous_0)
FNDA:13,(anonymous_1)
DA:1,4
DA:3,13
DA:4,13
DA:5,13
DA:6,13
DA:7,13
DA:8,13
DA:11,13
DA:12,13
DA:13,13
DA:14,13
DA:15,13
DA:16,13
LF:13
LH:13
BRF:0
BRH:0
end_of_record
